[2026-07-24 14:14:39] 🚀 Master 24/7 Swarm Daemon Initialized!
[2026-07-24 14:14:39] ✅ Ultimate Squad D Master Brain Executed.
[2026-07-24 14:19:40] ✅ Ultimate Squad D Master Brain Executed.
[2026-07-24 14:24:40] ✅ Ultimate Squad D Master Brain Executed.
[2026-07-24 14:28:14] 🚀 Master 24/7 Swarm Daemon Initialized with Ultimate Squad D!
[2026-07-24 14:28:14] ⚡ [SWARM DAEMON] Running 24/7 Cycle for Ultimate Squad D (Derivatives)...
[2026-07-24 14:28:14] ✅ Ultimate Squad D Master Brain & Promotion/Demotion Audit Executed.
[2026-07-24 14:28:14] 💤 [SWARM DAEMON] Cycle complete. Sleeping for next interval...

[2026-07-24 14:33:14] ⚡ [SWARM DAEMON] Running 24/7 Cycle for Ultimate Squad D (Derivatives)...
[2026-07-24 14:33:14] ✅ Ultimate Squad D Master Brain & Promotion/Demotion Audit Executed.
[2026-07-24 14:33:14] 💤 [SWARM DAEMON] Cycle complete. Sleeping for next interval...

[2026-07-24 14:33:56] 🚀 Starting Master Swarm Daemon...
[2026-07-24 14:33:56] ⚡ [SWARM DAEMON] Running 24/7 Cycle for Ultimate Squad D...
[2026-07-24 14:33:56] ⚠️ Squad D error output: Traceback (most recent call last):
  File "/data/data/com.termux/files/home/quantum-bot/squads/squad_d_derivatives/supervisor_brain_derivatives/sd_mstr_engine.py", line 77, in <module>
    master_self_learn()
    ~~~~~~~~~~~~~~~~~^^
  File "/data/data/com.termux/files/home/quantum-bot/squads/squad_d_derivatives/supervisor_brain_derivatives/sd_mstr_engine.py", line 57, in master_self_learn
    with open(mem_path, "r") as f:
         ~~~~^^^^^^^^^^^^^^^
FileNotFoundError: [Errno 2] No such file or directory: 'sd_mstr_memory.json'
[2026-07-24 14:40:04] 🚀 Starting Master Swarm Daemon...
[2026-07-24 14:40:04] ⚡ [SWARM DAEMON] Running 24/7 Cycle for Ultimate Squad D...
[2026-07-24 14:40:04] ⚠️ Squad D error output: Traceback (most recent call last):
  File "/data/data/com.termux/files/home/quantum-bot/squads/squad_d_derivatives/supervisor_brain_derivatives/sd_mstr_engine.py", line 77, in <module>
    master_self_learn()
    ~~~~~~~~~~~~~~~~~^^
  File "/data/data/com.termux/files/home/quantum-bot/squads/squad_d_derivatives/supervisor_brain_derivatives/sd_mstr_engine.py", line 57, in master_self_learn
    with open(mem_path, "r") as f:
         ~~~~^^^^^^^^^^^^^^^
FileNotFoundError: [Errno 2] No such file or directory: 'sd_mstr_memory.json'
[2026-07-24 14:42:03] 🚀 Starting Master Swarm Daemon...
[2026-07-24 14:42:03] ⚡ [SWARM DAEMON] Running 24/7 Cycle for Ultimate Squad D...
[2026-07-24 14:42:03] ⚠️ Squad D error output: Traceback (most recent call last):
  File "/data/data/com.termux/files/home/quantum-bot/squads/squad_d_derivatives/supervisor_brain_derivatives/sd_mstr_engine.py", line 77, in <module>
    master_self_learn()
    ~~~~~~~~~~~~~~~~~^^
  File "/data/data/com.termux/files/home/quantum-bot/squads/squad_d_derivatives/supervisor_brain_derivatives/sd_mstr_engine.py", line 60, in master_self_learn
    if data["accuracy_score"] < 100.0:
       ~~~~^^^^^^^^^^^^^^^^^^
KeyError: 'accuracy_score'
[2026-07-24 14:42:34] 🚀 Starting Master Swarm Daemon...
[2026-07-24 14:42:34] ⚡ [SWARM DAEMON] Running 24/7 Cycle for Ultimate Squad D...
[2026-07-24 14:42:34] ⚠️ Squad D error output: Traceback (most recent call last):
  File "/data/data/com.termux/files/home/quantum-bot/squads/squad_d_derivatives/supervisor_brain_derivatives/sd_mstr_engine.py", line 77, in <module>
    master_self_learn()
    ~~~~~~~~~~~~~~~~~^^
  File "/data/data/com.termux/files/home/quantum-bot/squads/squad_d_derivatives/supervisor_brain_derivatives/sd_mstr_engine.py", line 60, in master_self_learn
    if data["accuracy_score"] < 100.0:
       ~~~~^^^^^^^^^^^^^^^^^^
KeyError: 'accuracy_score'
[2026-07-24 14:43:49] 🚀 Starting Master Swarm Daemon...
[2026-07-24 14:43:49] ⚡ [SWARM DAEMON] Running 24/7 Cycle for Ultimate Squad D...
[2026-07-24 14:43:49] ⚠️ Squad D error output: Traceback (most recent call last):
  File "/data/data/com.termux/files/home/quantum-bot/squads/squad_d_derivatives/supervisor_brain_derivatives/sd_mstr_engine.py", line 77, in <module>
    master_self_learn()
    ~~~~~~~~~~~~~~~~~^^
  File "/data/data/com.termux/files/home/quantum-bot/squads/squad_d_derivatives/supervisor_brain_derivatives/sd_mstr_engine.py", line 63, in master_self_learn
    data["self_correction_count"] += 1
    ~~~~^^^^^^^^^^^^^^^^^^^^^^^^^
KeyError: 'self_correction_count'
[2026-07-24 14:48:49] ⚡ [SWARM DAEMON] Running 24/7 Cycle for Ultimate Squad D...
[2026-07-24 14:48:49] ⚠️ Squad D error output: Traceback (most recent call last):
  File "/data/data/com.termux/files/home/quantum-bot/squads/squad_d_derivatives/supervisor_brain_derivatives/sd_mstr_engine.py", line 77, in <module>
    master_self_learn()
    ~~~~~~~~~~~~~~~~~^^
  File "/data/data/com.termux/files/home/quantum-bot/squads/squad_d_derivatives/supervisor_brain_derivatives/sd_mstr_engine.py", line 63, in master_self_learn
    data["self_correction_count"] += 1
    ~~~~^^^^^^^^^^^^^^^^^^^^^^^^^
KeyError: 'self_correction_count'
[2026-07-24 14:53:49] ⚡ [SWARM DAEMON] Running 24/7 Cycle for Ultimate Squad D...
[2026-07-24 14:53:49] ⚠️ Squad D error output: Traceback (most recent call last):
  File "/data/data/com.termux/files/home/quantum-bot/squads/squad_d_derivatives/supervisor_brain_derivatives/sd_mstr_engine.py", line 77, in <module>
    master_self_learn()
    ~~~~~~~~~~~~~~~~~^^
  File "/data/data/com.termux/files/home/quantum-bot/squads/squad_d_derivatives/supervisor_brain_derivatives/sd_mstr_engine.py", line 63, in master_self_learn
    data["self_correction_count"] += 1
    ~~~~^^^^^^^^^^^^^^^^^^^^^^^^^
KeyError: 'self_correction_count'
[2026-07-24 14:58:50] ⚡ [SWARM DAEMON] Running 24/7 Cycle for Ultimate Squad D...
[2026-07-24 14:58:50] ⚠️ Squad D error output: Traceback (most recent call last):
  File "/data/data/com.termux/files/home/quantum-bot/squads/squad_d_derivatives/supervisor_brain_derivatives/sd_mstr_engine.py", line 77, in <module>
    master_self_learn()
    ~~~~~~~~~~~~~~~~~^^
  File "/data/data/com.termux/files/home/quantum-bot/squads/squad_d_derivatives/supervisor_brain_derivatives/sd_mstr_engine.py", line 63, in master_self_learn
    data["self_correction_count"] += 1
    ~~~~^^^^^^^^^^^^^^^^^^^^^^^^^
KeyError: 'self_correction_count'
[2026-07-24 15:03:50] ⚡ [SWARM DAEMON] Running 24/7 Cycle for Ultimate Squad D...
[2026-07-24 15:03:50] ⚠️ Squad D error output: Traceback (most recent call last):
  File "/data/data/com.termux/files/home/quantum-bot/squads/squad_d_derivatives/supervisor_brain_derivatives/sd_mstr_engine.py", line 77, in <module>
    master_self_learn()
    ~~~~~~~~~~~~~~~~~^^
  File "/data/data/com.termux/files/home/quantum-bot/squads/squad_d_derivatives/supervisor_brain_derivatives/sd_mstr_engine.py", line 63, in master_self_learn
    data["self_correction_count"] += 1
    ~~~~^^^^^^^^^^^^^^^^^^^^^^^^^
KeyError: 'self_correction_count'
[2026-07-24 15:05:01] 🚀 Starting Master Swarm Daemon...
[2026-07-24 15:05:01] ⚡ [SWARM DAEMON] Running 24/7 Cycle for Ultimate Squad D...
[2026-07-24 15:05:01] ✅ Squad D execution completed successfully.
[2026-07-24 15:05:42] 🚀 Starting Master Swarm Daemon...
[2026-07-24 15:05:42] ⚡ [SWARM DAEMON] Running 24/7 Cycle for Ultimate Squad D...
[2026-07-24 15:05:42] ✅ Squad D execution completed successfully.
[2026-07-24 15:10:42] ⚡ [SWARM DAEMON] Running 24/7 Cycle for Ultimate Squad D...
[2026-07-24 15:10:42] ✅ Squad D execution completed successfully.
[2026-07-24 15:13:49] 🚀 Starting Master Swarm Daemon...
[2026-07-24 15:13:49] ⚡ [SWARM DAEMON] Running 24/7 Cycle for Ultimate Squad D...
[2026-07-24 15:13:51] ✅ Squad D execution completed successfully.
[2026-07-24 15:18:51] ⚡ [SWARM DAEMON] Running 24/7 Cycle for Ultimate Squad D...
[2026-07-24 15:18:53] ✅ Squad D execution completed successfully.
[2026-07-24 15:21:11] 🚀 Master 24/7 Swarm Daemon Initialized with Telegram Alerts!
[2026-07-24 15:21:11] ⚡ [SWARM DAEMON] Running 24/7 Cycle for Ultimate Squad D...
[2026-07-24 15:21:15] ✅ 👑 [SD_MSTR MASTER] Self-Learned. Accuracy: 100.0% | Promoted: 0 | Demoted: 0
[2026-07-24 15:26:16] ⚡ [SWARM DAEMON] Running 24/7 Cycle for Ultimate Squad D...
[2026-07-24 15:26:18] ✅ 👑 [SD_MSTR MASTER] Self-Learned. Accuracy: 100.0% | Promoted: 0 | Demoted: 0
[2026-07-24 15:27:14] 🚀 Master 24/7 Swarm Daemon Upgraded with 30K Brain Nodes & Multi-API Feeds!
[2026-07-24 15:27:15] ⚡ [SWARM DAEMON] Running 24/7 Cycle for Ultimate Squad D (30K Nodes + 1Yr Data)...
[2026-07-24 15:27:17] ✅ 👑 [SD_MSTR 30K] 1-Year Learning Complete. Accuracy: 100.0% | Points Trained: 12410
[2026-07-24 15:32:18] ⚡ [SWARM DAEMON] Running 24/7 Cycle for Ultimate Squad D (30K Nodes + 1Yr Data)...
[2026-07-24 15:32:20] ✅ 👑 [SD_MSTR 30K] 1-Year Learning Complete. Accuracy: 100.0% | Points Trained: 18615
[2026-07-24 15:37:20] ⚡ [SWARM DAEMON] Running 24/7 Cycle for Ultimate Squad D (30K Nodes + 1Yr Data)...
[2026-07-24 15:37:23] ✅ 👑 [SD_MSTR 30K] 1-Year Learning Complete. Accuracy: 100.0% | Points Trained: 24820
